Using pre-set license
Built from '2020.3/release' branch; Version is '2020.3.15f2 (6cf78cb77498) revision 7141260'; Using compiler version '192528614'; Build Type 'Release'
OS: 'Windows 10 Pro; OS build 19041.1083; Version 2004; 64bit' Language: 'en' Physical Memory: 16328 MB
BatchMode: 1, IsHumanControllingUs: 0, StartBugReporterOnCrash: 0, Is64bit: 1, IsPro: 0

 COMMAND LINE ARGUMENTS:
C:\Program Files\Unity\Hub\Editor\2020.3.15f2\Editor\Unity.exe
-adb2
-batchMode
-noUpm
-name
AssetImportWorker0
-projectPath
D:/2d-Adventure-Game/2d Adventure
-logFile
Logs/AssetImportWorker0.log
-srvPort
52131
Successfully changed project path to: D:/2d-Adventure-Game/2d Adventure
D:/2d-Adventure-Game/2d Adventure
Using Asset Import Pipeline V2.
Refreshing native plugins compatible for Editor in 104.12 ms, found 3 plugins.
Preloading 0 native plugins for Editor in 0.00 ms.
Initialize engine version: 2020.3.15f2 (6cf78cb77498)
[Subsystems] Discovering subsystems at path C:/Program Files/Unity/Hub/Editor/2020.3.15f2/Editor/Data/Resources/UnitySubsystems
[Subsystems] Discovering subsystems at path D:/2d-Adventure-Game/2d Adventure/Assets
GfxDevice: creating device client; threaded=0
Direct3D:
    Version:  Direct3D 11.0 [level 11.1]
    Renderer: NVIDIA GeForce RTX 3070 (ID=0x2484)
    Vendor:   
    VRAM:     8043 MB
    Driver:   27.21.14.6192
Initialize mono
Mono path[0] = 'C:/Program Files/Unity/Hub/Editor/2020.3.15f2/Editor/Data/Managed'
Mono path[1] = 'C:/Program Files/Unity/Hub/Editor/2020.3.15f2/Editor/Data/MonoBleedingEdge/lib/mono/unityjit'
Mono config path = 'C:/Program Files/Unity/Hub/Editor/2020.3.15f2/Editor/Data/MonoBleedingEdge/etc'
Using monoOptions --debugger-agent=transport=dt_socket,embedding=1,server=y,suspend=n,address=127.0.0.1:56428
Begin MonoManager ReloadAssembly
Registering precompiled unity dll's ...
Register platform support module: C:/Program Files/Unity/Hub/Editor/2020.3.15f2/Editor/Data/PlaybackEngines/WindowsStandaloneSupport/UnityEditor.WindowsStandalone.Extensions.dll
Registered in 0.004284 seconds.
Native extension for WindowsStandalone target not found
Refreshing native plugins compatible for Editor in 96.07 ms, found 3 plugins.
Preloading 0 native plugins for Editor in 0.00 ms.
Mono: successfully reloaded assembly
- Completed reload, in  2.646 seconds
Domain Reload Profiling:
	ReloadAssembly (2647ms)
		BeginReloadAssembly (118ms)
			ExecutionOrderSort (0ms)
			DisableScriptedObjects (0ms)
			BackupInstance (0ms)
			ReleaseScriptingObjects (0ms)
			CreateAndSetChildDomain (2ms)
		EndReloadAssembly (997ms)
			LoadAssemblies (112ms)
			RebuildTransferFunctionScriptingTraits (0ms)
			SetupTypeCache (344ms)
			ReleaseScriptCaches (0ms)
			RebuildScriptCaches (61ms)
			SetupLoadedEditorAssemblies (400ms)
				LogAssemblyErrors (0ms)
				InitializePlatformSupportModulesInManaged (8ms)
				SetLoadedEditorAssemblies (1ms)
				RefreshPlugins (96ms)
				BeforeProcessingInitializeOnLoad (34ms)
				ProcessInitializeOnLoadAttributes (194ms)
				ProcessInitializeOnLoadMethodAttributes (67ms)
				AfterProcessingInitializeOnLoad (0ms)
				EditorAssembliesLoaded (0ms)
			ExecutionOrderSort2 (0ms)
			AwakeInstancesAfterBackupRestoration (0ms)
Platform modules already initialized, skipping
Registering precompiled user dll's ...
Registered in 0.007975 seconds.
Begin MonoManager ReloadAssembly
Native extension for WindowsStandalone target not found
Refreshing native plugins compatible for Editor in 97.02 ms, found 3 plugins.
Preloading 0 native plugins for Editor in 0.00 ms.
Mono: successfully reloaded assembly
- Completed reload, in  2.968 seconds
Domain Reload Profiling:
	ReloadAssembly (2969ms)
		BeginReloadAssembly (329ms)
			ExecutionOrderSort (0ms)
			DisableScriptedObjects (13ms)
			BackupInstance (0ms)
			ReleaseScriptingObjects (0ms)
			CreateAndSetChildDomain (40ms)
		EndReloadAssembly (2489ms)
			LoadAssemblies (222ms)
			RebuildTransferFunctionScriptingTraits (0ms)
			SetupTypeCache (721ms)
			ReleaseScriptCaches (1ms)
			RebuildScriptCaches (106ms)
			SetupLoadedEditorAssemblies (1125ms)
				LogAssemblyErrors (0ms)
				InitializePlatformSupportModulesInManaged (7ms)
				SetLoadedEditorAssemblies (0ms)
				RefreshPlugins (97ms)
				BeforeProcessingInitializeOnLoad (207ms)
				ProcessInitializeOnLoadAttributes (767ms)
				ProcessInitializeOnLoadMethodAttributes (30ms)
				AfterProcessingInitializeOnLoad (16ms)
				EditorAssembliesLoaded (0ms)
			ExecutionOrderSort2 (0ms)
			AwakeInstancesAfterBackupRestoration (15ms)
Platform modules already initialized, skipping
========================================================================
Worker process is ready to serve import requests
Launched and connected shader compiler UnityShaderCompiler.exe after 0.13 seconds
Refreshing native plugins compatible for Editor in 0.83 ms, found 3 plugins.
Preloading 0 native plugins for Editor in 0.00 ms.
Unloading 2414 Unused Serialized files (Serialized files now loaded: 0)
System memory in use before: 106.2 MB.
System memory in use after: 106.2 MB.

Unloading 35 unused Assets to reduce memory usage. Loaded Objects now: 2851.
Total: 7.088890 ms (FindLiveObjects: 0.557822 ms CreateObjectMapping: 0.169156 ms MarkObjects: 6.008934 ms  DeleteObjects: 0.344178 ms)

AssetImportParameters requested are different than current active one (requested -> active):
  custom:framework-win-MediaFoundation: 216162199b28c13a410421893ffa2e32 -> 
  custom:video-decoder-ogg-theora: a1e56fd34408186e4bbccfd4996cb3dc -> 
  custom:container-muxer-webm: aa71ff27fc2769a1b78a27578f13a17b -> 
  custom:container-demuxer-webm: 4f35f7cbe854078d1ac9338744f61a02 -> 
  custom:container-demuxer-ogg: 62fdf1f143b41e24485cea50d1cbac27 -> 
  custom:video-encoder-webm-vp8: eb34c28f22e8b96e1ab97ce403110664 -> 
  custom:video-decoder-webm-vp8: 9c59270c3fd7afecdb556c50c9e8de78 -> 
  custom:audio-decoder-ogg-vorbis: bf7c407c2cedff20999df2af8eb42d56 -> 
  custom:audio-encoder-webm-vorbis: bf7c407c2cedff20999df2af8eb42d56 -> 
========================================================================
Received Import Request.
  path: Assets/Pixel Art/Inside Roof Railing.png
  artifactKey: Guid(3bafa7b516b6df84dbebd11e015c41e4) Importer(815301076,1909f56bfc062723c751e8b465ee728b)
Start importing Assets/Pixel Art/Inside Roof Railing.png using Guid(3bafa7b516b6df84dbebd11e015c41e4) Importer(815301076,1909f56bfc062723c751e8b465ee728b)  -> (artifact id: '5f3e8424d37af72d1f62e19da82ebf32') in 0.202733 seconds 
  Import took 0.209823 seconds .

========================================================================
Received Import Request.
  Time since last request: 129.765222 seconds.
  path: Assets/Pixel Art/Inside Roof Railing.png
  artifactKey: Guid(3bafa7b516b6df84dbebd11e015c41e4) Importer(815301076,1909f56bfc062723c751e8b465ee728b)
Start importing Assets/Pixel Art/Inside Roof Railing.png using Guid(3bafa7b516b6df84dbebd11e015c41e4) Importer(815301076,1909f56bfc062723c751e8b465ee728b)  -> (artifact id: '6266d595515cab34510c5387d65c3888') in 0.029384 seconds 
  Import took 0.036255 seconds .

========================================================================
Received Import Request.
  Time since last request: 11.466400 seconds.
  path: Assets/Pixel Art/Inside Roof Railing.png
  artifactKey: Guid(3bafa7b516b6df84dbebd11e015c41e4) Importer(815301076,1909f56bfc062723c751e8b465ee728b)
Start importing Assets/Pixel Art/Inside Roof Railing.png using Guid(3bafa7b516b6df84dbebd11e015c41e4) Importer(815301076,1909f56bfc062723c751e8b465ee728b)  -> (artifact id: '688b33dd6cdece0ceaf5e0bf5de09062') in 0.029126 seconds 
  Import took 0.038793 seconds .

========================================================================
Received Import Request.
  Time since last request: 34.279414 seconds.
  path: Assets/Pixel Art/Inside Roof Railing.png
  artifactKey: Guid(3bafa7b516b6df84dbebd11e015c41e4) Importer(815301076,1909f56bfc062723c751e8b465ee728b)
Start importing Assets/Pixel Art/Inside Roof Railing.png using Guid(3bafa7b516b6df84dbebd11e015c41e4) Importer(815301076,1909f56bfc062723c751e8b465ee728b)  -> (artifact id: '36e3aaf97545f2d30e6e848b5d911710') in 0.022831 seconds 
  Import took 0.039860 seconds .

========================================================================
Received Import Request.
  Time since last request: 1152.058011 seconds.
  path: Assets/Pixel Art/Inside Roof Railing.png
  artifactKey: Guid(3bafa7b516b6df84dbebd11e015c41e4) Importer(815301076,1909f56bfc062723c751e8b465ee728b)
Start importing Assets/Pixel Art/Inside Roof Railing.png using Guid(3bafa7b516b6df84dbebd11e015c41e4) Importer(815301076,1909f56bfc062723c751e8b465ee728b)  -> (artifact id: 'd88742b2ed7c6fe1c956201cc3fd4af9') in 0.040370 seconds 
  Import took 0.046238 seconds .

========================================================================
Received Import Request.
  Time since last request: 12.724266 seconds.
  path: Assets/Pixel Art/Inside Roof Railing.png
  artifactKey: Guid(3bafa7b516b6df84dbebd11e015c41e4) Importer(815301076,1909f56bfc062723c751e8b465ee728b)
Start importing Assets/Pixel Art/Inside Roof Railing.png using Guid(3bafa7b516b6df84dbebd11e015c41e4) Importer(815301076,1909f56bfc062723c751e8b465ee728b)  -> (artifact id: 'd6db2eb54a7450114eba883bc11971d2') in 0.026997 seconds 
  Import took 0.033603 seconds .

========================================================================
Received Import Request.
  Time since last request: 6.491756 seconds.
  path: Assets/Pixel Art/Inside Roof Railing.png
  artifactKey: Guid(3bafa7b516b6df84dbebd11e015c41e4) Importer(815301076,1909f56bfc062723c751e8b465ee728b)
Start importing Assets/Pixel Art/Inside Roof Railing.png using Guid(3bafa7b516b6df84dbebd11e015c41e4) Importer(815301076,1909f56bfc062723c751e8b465ee728b)  -> (artifact id: '289776abe69819fca029184ee7515b24') in 0.025562 seconds 
  Import took 0.033282 seconds .

========================================================================
Received Import Request.
  Time since last request: 245.288621 seconds.
  path: Assets/Pixel Art/Inside Roof Railing.png
  artifactKey: Guid(3bafa7b516b6df84dbebd11e015c41e4) Importer(815301076,1909f56bfc062723c751e8b465ee728b)
Start importing Assets/Pixel Art/Inside Roof Railing.png using Guid(3bafa7b516b6df84dbebd11e015c41e4) Importer(815301076,1909f56bfc062723c751e8b465ee728b)  -> (artifact id: 'c6eb12f9afb4f440ea63c9de322941dc') in 0.027504 seconds 
  Import took 0.034450 seconds .

========================================================================
Received Import Request.
  Time since last request: 11.865382 seconds.
  path: Assets/Pixel Art/Inside Roof Railing.png
  artifactKey: Guid(3bafa7b516b6df84dbebd11e015c41e4) Importer(815301076,1909f56bfc062723c751e8b465ee728b)
Start importing Assets/Pixel Art/Inside Roof Railing.png using Guid(3bafa7b516b6df84dbebd11e015c41e4) Importer(815301076,1909f56bfc062723c751e8b465ee728b)  -> (artifact id: '65de7e8c48cbcc3a49f389dbb7d5ec0a') in 0.025990 seconds 
  Import took 0.034346 seconds .

========================================================================
Received Import Request.
  Time since last request: 0.010545 seconds.
  path: Assets/Pixel Art/Inside Roof Railing.png
  artifactKey: Guid(3bafa7b516b6df84dbebd11e015c41e4) Importer(815301076,1909f56bfc062723c751e8b465ee728b)
Start importing Assets/Pixel Art/Inside Roof Railing.png using Guid(3bafa7b516b6df84dbebd11e015c41e4) Importer(815301076,1909f56bfc062723c751e8b465ee728b)  -> (artifact id: '65de7e8c48cbcc3a49f389dbb7d5ec0a') in 0.015289 seconds 
  Import took 0.021670 seconds .

========================================================================
Received Import Request.
  Time since last request: 12.093754 seconds.
  path: Assets/Pixel Art/Inside Roof Railing.png
  artifactKey: Guid(3bafa7b516b6df84dbebd11e015c41e4) Importer(815301076,1909f56bfc062723c751e8b465ee728b)
Start importing Assets/Pixel Art/Inside Roof Railing.png using Guid(3bafa7b516b6df84dbebd11e015c41e4) Importer(815301076,1909f56bfc062723c751e8b465ee728b)  -> (artifact id: '2bd19ce918974bbd6e29c054e99d013d') in 0.301915 seconds 
  Import took 0.308744 seconds .

========================================================================
Received Import Request.
  Time since last request: 391.710740 seconds.
  path: Assets/Pixel Art/Inside Roof Railing_0.asset
  artifactKey: Guid(25b55f5462b77d047bf71ec200ec10de) Importer(815301076,1909f56bfc062723c751e8b465ee728b)
Start importing Assets/Pixel Art/Inside Roof Railing_0.asset using Guid(25b55f5462b77d047bf71ec200ec10de) Importer(815301076,1909f56bfc062723c751e8b465ee728b)  -> (artifact id: '09a3206103b2eab18fee0b5fbedcad98') in 0.049962 seconds 
  Import took 0.056349 seconds .

========================================================================
Received Import Request.
  Time since last request: 2.326260 seconds.
  path: Assets/Pixel Art/Inside Roof Railing_57.asset
  artifactKey: Guid(963b8258daa078545af440e85b34a572) Importer(815301076,1909f56bfc062723c751e8b465ee728b)
Start importing Assets/Pixel Art/Inside Roof Railing_57.asset using Guid(963b8258daa078545af440e85b34a572) Importer(815301076,1909f56bfc062723c751e8b465ee728b)  -> (artifact id: '5a4a39834a17ef9632a2347501b95d4b') in 0.023186 seconds 
  Import took 0.029378 seconds .

========================================================================
Received Import Request.
  Time since last request: 9.493057 seconds.
  path: Assets/Pixel Art/Inside Roof Railing_55.asset
  artifactKey: Guid(a234c3fa80f1e2343a15a815a29ddf20) Importer(815301076,1909f56bfc062723c751e8b465ee728b)
Start importing Assets/Pixel Art/Inside Roof Railing_55.asset using Guid(a234c3fa80f1e2343a15a815a29ddf20) Importer(815301076,1909f56bfc062723c751e8b465ee728b)  -> (artifact id: '72b8c1df152831370c604cfb872a62a6') in 0.041016 seconds 
  Import took 0.046636 seconds .

========================================================================
Received Import Request.
  Time since last request: 12.907657 seconds.
  path: Assets/Pixel Art/Roof Railing
  artifactKey: Guid(5e3c4c5826c54b44b93a5eb47a33f204) Importer(815301076,1909f56bfc062723c751e8b465ee728b)
Start importing Assets/Pixel Art/Roof Railing using Guid(5e3c4c5826c54b44b93a5eb47a33f204) Importer(815301076,1909f56bfc062723c751e8b465ee728b)  -> (artifact id: '3ec39c09572d58f3a48955d6b1697625') in 0.010814 seconds 
  Import took 0.017057 seconds .

========================================================================
Received Import Request.
  Time since last request: 28.088271 seconds.
  path: Assets/Skirting Board.png
  artifactKey: Guid(66802bc9cc3626749bf0045509f7c3fe) Importer(815301076,1909f56bfc062723c751e8b465ee728b)
Start importing Assets/Skirting Board.png using Guid(66802bc9cc3626749bf0045509f7c3fe) Importer(815301076,1909f56bfc062723c751e8b465ee728b)  -> (artifact id: '99c1618ae2483c48c5ed9507c490840c') in 0.024909 seconds 
  Import took 0.031424 seconds .

========================================================================
Received Import Request.
  Time since last request: 12.540738 seconds.
  path: Assets/Pixel Art/Skirting Board.png
  artifactKey: Guid(66802bc9cc3626749bf0045509f7c3fe) Importer(815301076,1909f56bfc062723c751e8b465ee728b)
Start importing Assets/Pixel Art/Skirting Board.png using Guid(66802bc9cc3626749bf0045509f7c3fe) Importer(815301076,1909f56bfc062723c751e8b465ee728b)  -> (artifact id: '3aea5f2cdaeebce2fe9c739d696a83f0') in 0.026286 seconds 
  Import took 0.033483 seconds .

========================================================================
Received Import Request.
  Time since last request: 114.028309 seconds.
  path: Assets/Pixel Art/FloorBoard with Shadow2.png
  artifactKey: Guid(d2984df255d69f34ba14ed0c514f8d1f) Importer(815301076,1909f56bfc062723c751e8b465ee728b)
Start importing Assets/Pixel Art/FloorBoard with Shadow2.png using Guid(d2984df255d69f34ba14ed0c514f8d1f) Importer(815301076,1909f56bfc062723c751e8b465ee728b)  -> (artifact id: 'baf185143d9f380de62ae736d2683e49') in 0.035904 seconds 
  Import took 0.043039 seconds .

========================================================================
Received Import Request.
  Time since last request: 0.503284 seconds.
  path: Assets/Pixel Art/FloorBoard with Shadow.png
  artifactKey: Guid(697fa623c8482504f9927f21fe5677ca) Importer(815301076,1909f56bfc062723c751e8b465ee728b)
Start importing Assets/Pixel Art/FloorBoard with Shadow.png using Guid(697fa623c8482504f9927f21fe5677ca) Importer(815301076,1909f56bfc062723c751e8b465ee728b)  -> (artifact id: '92f9aeb6eb258a58a5f7ed0a137c825e') in 0.031738 seconds 
  Import took 0.039857 seconds .

========================================================================
Received Import Request.
  Time since last request: 7.241334 seconds.
  path: Assets/Pixel Art/FloorBoard with Shadow.png
  artifactKey: Guid(697fa623c8482504f9927f21fe5677ca) Importer(815301076,1909f56bfc062723c751e8b465ee728b)
Start importing Assets/Pixel Art/FloorBoard with Shadow.png using Guid(697fa623c8482504f9927f21fe5677ca) Importer(815301076,1909f56bfc062723c751e8b465ee728b)  -> (artifact id: '3eb3bb5d7962a8aea09a186b3e61baee') in 0.022820 seconds 
  Import took 0.028433 seconds .

========================================================================
Received Import Request.
  Time since last request: 597.435520 seconds.
  path: Assets/Pixel Art/Window 1.png
  artifactKey: Guid(8a124d79733dfd44aa54dd9cdad82edd) Importer(815301076,1909f56bfc062723c751e8b465ee728b)
Start importing Assets/Pixel Art/Window 1.png using Guid(8a124d79733dfd44aa54dd9cdad82edd) Importer(815301076,1909f56bfc062723c751e8b465ee728b)  -> (artifact id: '8d7723cc10aef368908e5afc8526486c') in 0.037211 seconds 
  Import took 0.043835 seconds .

========================================================================
Received Import Request.
  Time since last request: 0.453855 seconds.
  path: Assets/Pixel Art/Window 1 Reflection.png
  artifactKey: Guid(ad9bb31b86ecd5e4987b872672d13723) Importer(815301076,1909f56bfc062723c751e8b465ee728b)
Start importing Assets/Pixel Art/Window 1 Reflection.png using Guid(ad9bb31b86ecd5e4987b872672d13723) Importer(815301076,1909f56bfc062723c751e8b465ee728b)  -> (artifact id: '9fcb74b8a1fe0f6425168dc415e0b3c3') in 0.032582 seconds 
  Import took 0.038479 seconds .

========================================================================
Received Import Request.
  Time since last request: 9.615047 seconds.
  path: Assets/Pixel Art/Window 1 Reflection.png
  artifactKey: Guid(ad9bb31b86ecd5e4987b872672d13723) Importer(815301076,1909f56bfc062723c751e8b465ee728b)
Start importing Assets/Pixel Art/Window 1 Reflection.png using Guid(ad9bb31b86ecd5e4987b872672d13723) Importer(815301076,1909f56bfc062723c751e8b465ee728b)  -> (artifact id: 'e9e7ec57c4a735ac62aa24646a184d66') in 0.024158 seconds 
  Import took 0.030572 seconds .

========================================================================
Received Import Request.
  Time since last request: 28.924369 seconds.
  path: Assets/Pixel Art/Window 1.png
  artifactKey: Guid(8a124d79733dfd44aa54dd9cdad82edd) Importer(815301076,1909f56bfc062723c751e8b465ee728b)
Start importing Assets/Pixel Art/Window 1.png using Guid(8a124d79733dfd44aa54dd9cdad82edd) Importer(815301076,1909f56bfc062723c751e8b465ee728b)  -> (artifact id: 'b8bd23b1f7cecd55a96fb7775d74036f') in 0.025978 seconds 
  Import took 0.032527 seconds .

========================================================================
Received Import Request.
  Time since last request: 73.129602 seconds.
  path: Assets/Pixel Art/Window 1.png
  artifactKey: Guid(8a124d79733dfd44aa54dd9cdad82edd) Importer(815301076,1909f56bfc062723c751e8b465ee728b)
Start importing Assets/Pixel Art/Window 1.png using Guid(8a124d79733dfd44aa54dd9cdad82edd) Importer(815301076,1909f56bfc062723c751e8b465ee728b)  -> (artifact id: '32f55ed58af35f58e3008a4f35a1eb52') in 0.017873 seconds 
  Import took 0.024246 seconds .

========================================================================
Received Import Request.
  Time since last request: 19.683556 seconds.
  path: Assets/Pixel Art/Window 1.png
  artifactKey: Guid(8a124d79733dfd44aa54dd9cdad82edd) Importer(815301076,1909f56bfc062723c751e8b465ee728b)
Start importing Assets/Pixel Art/Window 1.png using Guid(8a124d79733dfd44aa54dd9cdad82edd) Importer(815301076,1909f56bfc062723c751e8b465ee728b)  -> (artifact id: '164359af0881bd22a7503d905ee0d097') in 0.027299 seconds 
  Import took 0.033450 seconds .

========================================================================
Received Import Request.
  Time since last request: 11.324310 seconds.
  path: Assets/Pixel Art/Window 1.png
  artifactKey: Guid(8a124d79733dfd44aa54dd9cdad82edd) Importer(815301076,1909f56bfc062723c751e8b465ee728b)
Start importing Assets/Pixel Art/Window 1.png using Guid(8a124d79733dfd44aa54dd9cdad82edd) Importer(815301076,1909f56bfc062723c751e8b465ee728b)  -> (artifact id: 'b35dcd5a9b00da0af7d35d1cac7a6948') in 0.018868 seconds 
  Import took 0.027018 seconds .

========================================================================
Received Import Request.
  Time since last request: 6.993980 seconds.
  path: Assets/Pixel Art/Window 1.png
  artifactKey: Guid(8a124d79733dfd44aa54dd9cdad82edd) Importer(815301076,1909f56bfc062723c751e8b465ee728b)
Start importing Assets/Pixel Art/Window 1.png using Guid(8a124d79733dfd44aa54dd9cdad82edd) Importer(815301076,1909f56bfc062723c751e8b465ee728b)  -> (artifact id: '53819002cd18b6c0aa85e75d65bc1b48') in 0.019638 seconds 
  Import took 0.026361 seconds .

========================================================================
Received Import Request.
  Time since last request: 15.007901 seconds.
  path: Assets/Pixel Art/Window 1.png
  artifactKey: Guid(8a124d79733dfd44aa54dd9cdad82edd) Importer(815301076,1909f56bfc062723c751e8b465ee728b)
Start importing Assets/Pixel Art/Window 1.png using Guid(8a124d79733dfd44aa54dd9cdad82edd) Importer(815301076,1909f56bfc062723c751e8b465ee728b)  -> (artifact id: '0c47ee7bbb5feade941b774b860f6bc4') in 0.020998 seconds 
  Import took 0.028188 seconds .

========================================================================
Received Import Request.
  Time since last request: 17.245517 seconds.
  path: Assets/Pixel Art/Window 1.png
  artifactKey: Guid(8a124d79733dfd44aa54dd9cdad82edd) Importer(815301076,1909f56bfc062723c751e8b465ee728b)
Start importing Assets/Pixel Art/Window 1.png using Guid(8a124d79733dfd44aa54dd9cdad82edd) Importer(815301076,1909f56bfc062723c751e8b465ee728b)  -> (artifact id: '87d5577ea123e37137027eeda369ac2f') in 0.019295 seconds 
  Import took 0.027547 seconds .

========================================================================
Received Import Request.
  Time since last request: 11.465529 seconds.
  path: Assets/Pixel Art/Window 1.png
  artifactKey: Guid(8a124d79733dfd44aa54dd9cdad82edd) Importer(815301076,1909f56bfc062723c751e8b465ee728b)
Start importing Assets/Pixel Art/Window 1.png using Guid(8a124d79733dfd44aa54dd9cdad82edd) Importer(815301076,1909f56bfc062723c751e8b465ee728b)  -> (artifact id: 'f8fcd007cf3f6078c8d84ecadc9b5439') in 0.020370 seconds 
  Import took 0.026531 seconds .

========================================================================
Received Import Request.
  Time since last request: 178.742797 seconds.
  path: Assets/Pixel Art/Bookcase.png
  artifactKey: Guid(a6e794c3560394a41ae0834f641d87e0) Importer(815301076,1909f56bfc062723c751e8b465ee728b)
Start importing Assets/Pixel Art/Bookcase.png using Guid(a6e794c3560394a41ae0834f641d87e0) Importer(815301076,1909f56bfc062723c751e8b465ee728b)  -> (artifact id: 'e9cfffe76c2d5f77b8b60fa66d74a824') in 0.029524 seconds 
  Import took 0.036138 seconds .

========================================================================
Received Import Request.
  Time since last request: 22.240909 seconds.
  path: Assets/Pixel Art/Bookcase.png
  artifactKey: Guid(a6e794c3560394a41ae0834f641d87e0) Importer(815301076,1909f56bfc062723c751e8b465ee728b)
Start importing Assets/Pixel Art/Bookcase.png using Guid(a6e794c3560394a41ae0834f641d87e0) Importer(815301076,1909f56bfc062723c751e8b465ee728b)  -> (artifact id: '92424556a7ee3447d57fa7b682094c5d') in 0.034258 seconds 
  Import took 0.043862 seconds .

========================================================================
Received Import Request.
  Time since last request: 15.199446 seconds.
  path: Assets/Pixel Art/Bookcase.png
  artifactKey: Guid(a6e794c3560394a41ae0834f641d87e0) Importer(815301076,1909f56bfc062723c751e8b465ee728b)
Start importing Assets/Pixel Art/Bookcase.png using Guid(a6e794c3560394a41ae0834f641d87e0) Importer(815301076,1909f56bfc062723c751e8b465ee728b)  -> (artifact id: 'd49f2e25a407a763127d2d349ed0d2f2') in 0.023326 seconds 
  Import took 0.030542 seconds .

========================================================================
Received Import Request.
  Time since last request: 432.012349 seconds.
  path: Assets/Pixel Art/Bookcase.png
  artifactKey: Guid(a6e794c3560394a41ae0834f641d87e0) Importer(815301076,1909f56bfc062723c751e8b465ee728b)
Start importing Assets/Pixel Art/Bookcase.png using Guid(a6e794c3560394a41ae0834f641d87e0) Importer(815301076,1909f56bfc062723c751e8b465ee728b)  -> (artifact id: '29425d8dbdd494f7e668ce3b4414ce43') in 0.043200 seconds 
  Import took 0.049547 seconds .

========================================================================
Received Import Request.
  Time since last request: 7.513012 seconds.
  path: Assets/Pixel Art/Bookcase.png
  artifactKey: Guid(a6e794c3560394a41ae0834f641d87e0) Importer(815301076,1909f56bfc062723c751e8b465ee728b)
Start importing Assets/Pixel Art/Bookcase.png using Guid(a6e794c3560394a41ae0834f641d87e0) Importer(815301076,1909f56bfc062723c751e8b465ee728b)  -> (artifact id: '4619c5b423db6a3939e82389a42e9f70') in 0.028313 seconds 
  Import took 0.034467 seconds .

========================================================================
Received Import Request.
  Time since last request: 34.971476 seconds.
  path: Assets/Pixel Art/Bookcase.png
  artifactKey: Guid(a6e794c3560394a41ae0834f641d87e0) Importer(815301076,1909f56bfc062723c751e8b465ee728b)
Start importing Assets/Pixel Art/Bookcase.png using Guid(a6e794c3560394a41ae0834f641d87e0) Importer(815301076,1909f56bfc062723c751e8b465ee728b)  -> (artifact id: '14fc26901cd73837b58052115e3e299b') in 0.019789 seconds 
  Import took 0.027367 seconds .

========================================================================
Received Import Request.
  Time since last request: 24.084860 seconds.
  path: Assets/Pixel Art/Bookcase.png
  artifactKey: Guid(a6e794c3560394a41ae0834f641d87e0) Importer(815301076,1909f56bfc062723c751e8b465ee728b)
Start importing Assets/Pixel Art/Bookcase.png using Guid(a6e794c3560394a41ae0834f641d87e0) Importer(815301076,1909f56bfc062723c751e8b465ee728b)  -> (artifact id: 'b76fd17de908875f3e4f28849dea750d') in 0.022128 seconds 
  Import took 0.027528 seconds .

========================================================================
Received Import Request.
  Time since last request: 41.512836 seconds.
  path: Assets/Pixel Art/Bookcase.png
  artifactKey: Guid(a6e794c3560394a41ae0834f641d87e0) Importer(815301076,1909f56bfc062723c751e8b465ee728b)
Start importing Assets/Pixel Art/Bookcase.png using Guid(a6e794c3560394a41ae0834f641d87e0) Importer(815301076,1909f56bfc062723c751e8b465ee728b)  -> (artifact id: '0cf8a641c9de778ab3b6aa0aec5c090c') in 0.016806 seconds 
  Import took 0.022237 seconds .

========================================================================
Received Import Request.
  Time since last request: 274.622801 seconds.
  path: Assets/Pixel Art/Bookcase.png
  artifactKey: Guid(a6e794c3560394a41ae0834f641d87e0) Importer(815301076,1909f56bfc062723c751e8b465ee728b)
Start importing Assets/Pixel Art/Bookcase.png using Guid(a6e794c3560394a41ae0834f641d87e0) Importer(815301076,1909f56bfc062723c751e8b465ee728b)  -> (artifact id: '9efa67cf18df201f9fcf0099e30b6187') in 0.017005 seconds 
  Import took 0.023874 seconds .

========================================================================
Received Import Request.
  Time since last request: 0.010949 seconds.
  path: Assets/Pixel Art/Bookcase.png
  artifactKey: Guid(a6e794c3560394a41ae0834f641d87e0) Importer(815301076,1909f56bfc062723c751e8b465ee728b)
Start importing Assets/Pixel Art/Bookcase.png using Guid(a6e794c3560394a41ae0834f641d87e0) Importer(815301076,1909f56bfc062723c751e8b465ee728b)  -> (artifact id: '9efa67cf18df201f9fcf0099e30b6187') in 0.016304 seconds 
  Import took 0.024938 seconds .

========================================================================
Received Import Request.
  Time since last request: 5.413975 seconds.
  path: Assets/Pixel Art/Bookcase.png
  artifactKey: Guid(a6e794c3560394a41ae0834f641d87e0) Importer(815301076,1909f56bfc062723c751e8b465ee728b)
Start importing Assets/Pixel Art/Bookcase.png using Guid(a6e794c3560394a41ae0834f641d87e0) Importer(815301076,1909f56bfc062723c751e8b465ee728b)  -> (artifact id: 'cb426fb68e020ba439c0677ea3f93b77') in 0.066166 seconds 
  Import took 0.072423 seconds .

========================================================================
Received Import Request.
  Time since last request: 79.635319 seconds.
  path: Assets/Pixel Art/Bookcase.png
  artifactKey: Guid(a6e794c3560394a41ae0834f641d87e0) Importer(815301076,1909f56bfc062723c751e8b465ee728b)
Start importing Assets/Pixel Art/Bookcase.png using Guid(a6e794c3560394a41ae0834f641d87e0) Importer(815301076,1909f56bfc062723c751e8b465ee728b)  -> (artifact id: '9c393b4ce13460c6f41eecf4225ff284') in 0.023408 seconds 
  Import took 0.030235 seconds .

========================================================================
Received Import Request.
  Time since last request: 547.707236 seconds.
  path: Assets/Pixel Art/Bed.png
  artifactKey: Guid(3d83a0851986e2941863e4a3eb09c4d2) Importer(815301076,1909f56bfc062723c751e8b465ee728b)
Start importing Assets/Pixel Art/Bed.png using Guid(3d83a0851986e2941863e4a3eb09c4d2) Importer(815301076,1909f56bfc062723c751e8b465ee728b)  -> (artifact id: 'ed44c46c2b169fb5936bd03d8dd1ac32') in 0.030033 seconds 
  Import took 0.035819 seconds .

========================================================================
Received Import Request.
  Time since last request: 8.389900 seconds.
  path: Assets/Pixel Art/Bed.png
  artifactKey: Guid(3d83a0851986e2941863e4a3eb09c4d2) Importer(815301076,1909f56bfc062723c751e8b465ee728b)
Start importing Assets/Pixel Art/Bed.png using Guid(3d83a0851986e2941863e4a3eb09c4d2) Importer(815301076,1909f56bfc062723c751e8b465ee728b)  -> (artifact id: 'aac787cc0493c6b1a440691ef80858e7') in 0.021476 seconds 
  Import took 0.027216 seconds .

========================================================================
Received Import Request.
  Time since last request: 176.571133 seconds.
  path: Assets/Pixel Art/Window 1 Reflection.asset
  artifactKey: Guid(136439eff22b6f74b80567a246dd8389) Importer(815301076,1909f56bfc062723c751e8b465ee728b)
Start importing Assets/Pixel Art/Window 1 Reflection.asset using Guid(136439eff22b6f74b80567a246dd8389) Importer(815301076,1909f56bfc062723c751e8b465ee728b)  -> (artifact id: '6107ad609f9382d7cafaa96984b1e40e') in 0.045191 seconds 
  Import took 0.054645 seconds .

========================================================================
Received Import Request.
  Time since last request: 383.033656 seconds.
  path: Assets/Pixel Art/Bookcase2.png
  artifactKey: Guid(d88e6f538f252bd46b734873a837a32f) Importer(815301076,1909f56bfc062723c751e8b465ee728b)
Start importing Assets/Pixel Art/Bookcase2.png using Guid(d88e6f538f252bd46b734873a837a32f) Importer(815301076,1909f56bfc062723c751e8b465ee728b)  -> (artifact id: '9cd38f9951884c7da603134b89cf735c') in 0.027449 seconds 
  Import took 0.033768 seconds .

========================================================================
Received Import Request.
  Time since last request: 7.664860 seconds.
  path: Assets/Pixel Art/Bookcase2.png
  artifactKey: Guid(d88e6f538f252bd46b734873a837a32f) Importer(815301076,1909f56bfc062723c751e8b465ee728b)
Start importing Assets/Pixel Art/Bookcase2.png using Guid(d88e6f538f252bd46b734873a837a32f) Importer(815301076,1909f56bfc062723c751e8b465ee728b)  -> (artifact id: '65161affe9de419603fefbb1f5b91335') in 0.026106 seconds 
  Import took 0.033280 seconds .

========================================================================
Received Import Request.
  Time since last request: 0.000534 seconds.
  path: Assets/Pixel Art/Bookcase2.png
  artifactKey: Guid(d88e6f538f252bd46b734873a837a32f) Importer(815301076,1909f56bfc062723c751e8b465ee728b)
Start importing Assets/Pixel Art/Bookcase2.png using Guid(d88e6f538f252bd46b734873a837a32f) Importer(815301076,1909f56bfc062723c751e8b465ee728b)  -> (artifact id: '65161affe9de419603fefbb1f5b91335') in 0.020841 seconds 
  Import took 0.027466 seconds .

========================================================================
Received Import Request.
  Time since last request: 225.947714 seconds.
  path: Assets/Table.png
  artifactKey: Guid(ad84d0b3ae29d154a95a7605e15f3d86) Importer(815301076,1909f56bfc062723c751e8b465ee728b)
Start importing Assets/Table.png using Guid(ad84d0b3ae29d154a95a7605e15f3d86) Importer(815301076,1909f56bfc062723c751e8b465ee728b)  -> (artifact id: '5f6715c61937dce8a9f6e75b8e886b70') in 0.055999 seconds 
  Import took 0.062534 seconds .

========================================================================
Received Import Request.
  Time since last request: 16.332692 seconds.
  path: Assets/Pixel Art/Table.png
  artifactKey: Guid(ad84d0b3ae29d154a95a7605e15f3d86) Importer(815301076,1909f56bfc062723c751e8b465ee728b)
Start importing Assets/Pixel Art/Table.png using Guid(ad84d0b3ae29d154a95a7605e15f3d86) Importer(815301076,1909f56bfc062723c751e8b465ee728b)  -> (artifact id: '6310ed1f89a5ff278bea6a43ce61e37e') in 0.025113 seconds 
  Import took 0.032109 seconds .

========================================================================
Received Import Request.
  Time since last request: 2.042839 seconds.
  path: Assets/Pixel Art/Chair.png
  artifactKey: Guid(07cc726874e6457468b55e94a07e2c4c) Importer(815301076,1909f56bfc062723c751e8b465ee728b)
Start importing Assets/Pixel Art/Chair.png using Guid(07cc726874e6457468b55e94a07e2c4c) Importer(815301076,1909f56bfc062723c751e8b465ee728b)  -> (artifact id: '231a1bbd599ef4b2540f193161334eea') in 0.052191 seconds 
  Import took 0.058553 seconds .

========================================================================
Received Import Request.
  Time since last request: 256.618931 seconds.
  path: Assets/Pixel Art/Table.png
  artifactKey: Guid(ad84d0b3ae29d154a95a7605e15f3d86) Importer(815301076,1909f56bfc062723c751e8b465ee728b)
Start importing Assets/Pixel Art/Table.png using Guid(ad84d0b3ae29d154a95a7605e15f3d86) Importer(815301076,1909f56bfc062723c751e8b465ee728b)  -> (artifact id: '84148fd38da2f799b141e422ac339b69') in 0.025275 seconds 
  Import took 0.031844 seconds .

========================================================================
Received Import Request.
  Time since last request: 8.133929 seconds.
  path: Assets/Pixel Art/Table.png
  artifactKey: Guid(ad84d0b3ae29d154a95a7605e15f3d86) Importer(815301076,1909f56bfc062723c751e8b465ee728b)
Start importing Assets/Pixel Art/Table.png using Guid(ad84d0b3ae29d154a95a7605e15f3d86) Importer(815301076,1909f56bfc062723c751e8b465ee728b)  -> (artifact id: '85b612c675646dd11b354dcbcbf2e0cd') in 0.028383 seconds 
  Import took 0.035181 seconds .

========================================================================
Received Import Request.
  Time since last request: 88.938820 seconds.
  path: Assets/Pixel Art/rug.png
  artifactKey: Guid(20a0b890e448be440835a2e442f6ebce) Importer(815301076,1909f56bfc062723c751e8b465ee728b)
Start importing Assets/Pixel Art/rug.png using Guid(20a0b890e448be440835a2e442f6ebce) Importer(815301076,1909f56bfc062723c751e8b465ee728b)  -> (artifact id: '9e26ae655e37553975dfefcf0fe782e1') in 0.029932 seconds 
  Import took 0.036789 seconds .

========================================================================
Received Import Request.
  Time since last request: 34.889787 seconds.
  path: Assets/Pixel Art/chest.png
  artifactKey: Guid(6960d42095f5cda4d83d5e941113de41) Importer(815301076,1909f56bfc062723c751e8b465ee728b)
Start importing Assets/Pixel Art/chest.png using Guid(6960d42095f5cda4d83d5e941113de41) Importer(815301076,1909f56bfc062723c751e8b465ee728b)  -> (artifact id: '31890fa044fe94c2178f9aa7f7c3552a') in 0.030847 seconds 
  Import took 0.037237 seconds .

========================================================================
Received Import Request.
  Time since last request: 130.070860 seconds.
  path: Assets/Pixel Art/Window.png
  artifactKey: Guid(4655661d4e3dec34b8454acb562130e2) Importer(815301076,1909f56bfc062723c751e8b465ee728b)
Start importing Assets/Pixel Art/Window.png using Guid(4655661d4e3dec34b8454acb562130e2) Importer(815301076,1909f56bfc062723c751e8b465ee728b)  -> (artifact id: '8588994916e4a5e9fc3f73e763fb0d71') in 0.027047 seconds 
  Import took 0.033792 seconds .

========================================================================
Received Import Request.
  Time since last request: 6.916232 seconds.
  path: Assets/Pixel Art/Window.png
  artifactKey: Guid(4655661d4e3dec34b8454acb562130e2) Importer(815301076,1909f56bfc062723c751e8b465ee728b)
Start importing Assets/Pixel Art/Window.png using Guid(4655661d4e3dec34b8454acb562130e2) Importer(815301076,1909f56bfc062723c751e8b465ee728b)  -> (artifact id: 'e67a55b880532c4420b3d460b3d6f236') in 0.025018 seconds 
  Import took 0.031285 seconds .

========================================================================
Received Import Request.
  Time since last request: 197.619892 seconds.
  path: Assets/Pixel Art/Bookcase_0.asset
  artifactKey: Guid(650acd17eca48734297ca2c0f30fb33d) Importer(815301076,1909f56bfc062723c751e8b465ee728b)
Start importing Assets/Pixel Art/Bookcase_0.asset using Guid(650acd17eca48734297ca2c0f30fb33d) Importer(815301076,1909f56bfc062723c751e8b465ee728b)  -> (artifact id: '12dc21d9389e239c0d955cc8702f73a7') in 0.015862 seconds 
  Import took 0.021925 seconds .

========================================================================
Received Import Request.
  Time since last request: 0.959260 seconds.
  path: Assets/Pixel Art/Bookcase_3.asset
  artifactKey: Guid(af305010e7579c947926a5acfa4e1e88) Importer(815301076,1909f56bfc062723c751e8b465ee728b)
Start importing Assets/Pixel Art/Bookcase_3.asset using Guid(af305010e7579c947926a5acfa4e1e88) Importer(815301076,1909f56bfc062723c751e8b465ee728b)  -> (artifact id: 'cceb3721a44e4b14f9304c25e1982333') in 0.016909 seconds 
  Import took 0.022575 seconds .

========================================================================
Received Import Request.
  Time since last request: 82.863226 seconds.
  path: Assets/Pixel Art/Wall Thing.png
  artifactKey: Guid(3dd827c7bd223d74ebfb080525202027) Importer(815301076,1909f56bfc062723c751e8b465ee728b)
Start importing Assets/Pixel Art/Wall Thing.png using Guid(3dd827c7bd223d74ebfb080525202027) Importer(815301076,1909f56bfc062723c751e8b465ee728b)  -> (artifact id: 'ff02efacdbbd2ca4c7fdc43bbfe30d55') in 0.033060 seconds 
  Import took 0.039778 seconds .

========================================================================
Received Import Request.
  Time since last request: 10.876755 seconds.
  path: Assets/Pixel Art/Wall Thing.png
  artifactKey: Guid(3dd827c7bd223d74ebfb080525202027) Importer(815301076,1909f56bfc062723c751e8b465ee728b)
Start importing Assets/Pixel Art/Wall Thing.png using Guid(3dd827c7bd223d74ebfb080525202027) Importer(815301076,1909f56bfc062723c751e8b465ee728b)  -> (artifact id: '9593f9b23aff10792b3685456537c73c') in 0.027984 seconds 
  Import took 0.033171 seconds .

========================================================================
Received Import Request.
  Time since last request: 156.999386 seconds.
  path: Assets/Pixel Art/Character.png
  artifactKey: Guid(aca6639944fa58c4c872432afdac33ac) Importer(815301076,1909f56bfc062723c751e8b465ee728b)
Start importing Assets/Pixel Art/Character.png using Guid(aca6639944fa58c4c872432afdac33ac) Importer(815301076,1909f56bfc062723c751e8b465ee728b)  -> (artifact id: '0b47458cb49e4a6d66012758905b0c95') in 0.030221 seconds 
  Import took 0.038482 seconds .

========================================================================
Received Import Request.
  Time since last request: 7.795578 seconds.
  path: Assets/Pixel Art/Character.png
  artifactKey: Guid(aca6639944fa58c4c872432afdac33ac) Importer(815301076,1909f56bfc062723c751e8b465ee728b)
Start importing Assets/Pixel Art/Character.png using Guid(aca6639944fa58c4c872432afdac33ac) Importer(815301076,1909f56bfc062723c751e8b465ee728b)  -> (artifact id: '37f1a91141b656d86454cb65417c0b0d') in 0.028685 seconds 
  Import took 0.034615 seconds .

========================================================================
Received Import Request.
  Time since last request: 256.556638 seconds.
  path: Assets/Pixel Art/Character2.png
  artifactKey: Guid(b6e72cfb1d1cbb34592919a20f77da35) Importer(815301076,1909f56bfc062723c751e8b465ee728b)
Start importing Assets/Pixel Art/Character2.png using Guid(b6e72cfb1d1cbb34592919a20f77da35) Importer(815301076,1909f56bfc062723c751e8b465ee728b)  -> (artifact id: '303c8e8b0d8dc58b6a35afb3649c6811') in 0.025305 seconds 
  Import took 0.031268 seconds .

========================================================================
Received Import Request.
  Time since last request: 13.649726 seconds.
  path: Assets/Pixel Art/Character2.png
  artifactKey: Guid(b6e72cfb1d1cbb34592919a20f77da35) Importer(815301076,1909f56bfc062723c751e8b465ee728b)
Start importing Assets/Pixel Art/Character2.png using Guid(b6e72cfb1d1cbb34592919a20f77da35) Importer(815301076,1909f56bfc062723c751e8b465ee728b)  -> (artifact id: '270b38165456e3b7bd063817dac8e7e1') in 0.024795 seconds 
  Import took 0.031752 seconds .

========================================================================
Received Import Request.
  Time since last request: 190.824534 seconds.
  path: Assets/Pixel Art/Character2 1.png
  artifactKey: Guid(c0bd5d2c9eaeb1e4a85b9e459ff8be46) Importer(815301076,1909f56bfc062723c751e8b465ee728b)
Start importing Assets/Pixel Art/Character2 1.png using Guid(c0bd5d2c9eaeb1e4a85b9e459ff8be46) Importer(815301076,1909f56bfc062723c751e8b465ee728b)  -> (artifact id: '813c283da888dc4feb5f96f073b80afc') in 0.026734 seconds 
  Import took 0.034171 seconds .

========================================================================
Received Import Request.
  Time since last request: 12.373391 seconds.
  path: Assets/Pixel Art/Character2 1.png
  artifactKey: Guid(c0bd5d2c9eaeb1e4a85b9e459ff8be46) Importer(815301076,1909f56bfc062723c751e8b465ee728b)
Start importing Assets/Pixel Art/Character2 1.png using Guid(c0bd5d2c9eaeb1e4a85b9e459ff8be46) Importer(815301076,1909f56bfc062723c751e8b465ee728b)  -> (artifact id: '8f1c405238ee451f11e53f5395c5ca1e') in 0.035925 seconds 
  Import took 0.043100 seconds .

